<?xml version="1.0" encoding="UTF-8"?>
<testng-results ignored="0" total="1" passed="0" failed="1" skipped="0">
  <reporter-output>
  </reporter-output>
  <suite started-at="2025-07-09T19:54:31 IST" name="Default suite" finished-at="2025-07-09T19:55:56 IST" duration-ms="84660">
    <groups>
    </groups>
    <test started-at="2025-07-09T19:54:31 IST" name="Default test" finished-at="2025-07-09T19:55:56 IST" duration-ms="84660">
      <class name="Campaign.CreateCampaignTest">
        <test-method is-config="true" signature="BS()[pri:0, instance:Campaign.CreateCampaignTest@7494f96a]" started-at="2025-07-09T19:54:31 IST" name="BS" finished-at="2025-07-09T19:54:31 IST" duration-ms="11" status="PASS">
          <reporter-output>
          </reporter-output>
        </test-method> <!-- BS -->
        <test-method is-config="true" signature="BT()[pri:0, instance:Campaign.CreateCampaignTest@7494f96a]" started-at="2025-07-09T19:54:31 IST" name="BT" finished-at="2025-07-09T19:54:31 IST" duration-ms="4" status="PASS">
          <reporter-output>
          </reporter-output>
        </test-method> <!-- BT -->
        <test-method is-config="true" signature="BC()[pri:0, instance:Campaign.CreateCampaignTest@7494f96a]" started-at="2025-07-09T19:54:31 IST" name="BC" finished-at="2025-07-09T19:54:34 IST" duration-ms="3017" status="PASS">
          <reporter-output>
          </reporter-output>
        </test-method> <!-- BC -->
        <test-method is-config="true" signature="BM()[pri:0, instance:Campaign.CreateCampaignTest@7494f96a]" started-at="2025-07-09T19:54:34 IST" name="BM" finished-at="2025-07-09T19:55:01 IST" duration-ms="27393" status="PASS">
          <reporter-output>
          </reporter-output>
        </test-method> <!-- BM -->
        <test-method signature="createCampaignTest()[pri:0, instance:Campaign.CreateCampaignTest@7494f96a]" started-at="2025-07-09T19:55:01 IST" name="createCampaignTest" finished-at="2025-07-09T19:55:51 IST" duration-ms="50089" status="FAIL">
          <exception class="java.lang.AssertionError">
            <message>
              <![CDATA[Failed Script]]>
            </message>
            <full-stacktrace>
              <![CDATA[java.lang.AssertionError: Failed Script
at org.testng.Assert.fail(Assert.java:111)
at Campaign.CreateCampaignTest.createCampaignTest(CreateCampaignTest.java:82)
at java.base/jdk.internal.reflect.DirectMethodHandleAccessor.invoke(DirectMethodHandleAccessor.java:103)
at java.base/java.lang.reflect.Method.invoke(Method.java:580)
at org.testng.internal.invokers.MethodInvocationHelper.invokeMethod(MethodInvocationHelper.java:139)
at org.testng.internal.invokers.TestInvoker.invokeMethod(TestInvoker.java:664)
at org.testng.internal.invokers.TestInvoker.invokeTestMethod(TestInvoker.java:228)
at org.testng.internal.invokers.MethodRunner.runInSequence(MethodRunner.java:63)
at org.testng.internal.invokers.TestInvoker$MethodInvocationAgent.invoke(TestInvoker.java:961)
at org.testng.internal.invokers.TestInvoker.invokeTestMethods(TestInvoker.java:201)
at org.testng.internal.invokers.TestMethodWorker.invokeTestMethods(TestMethodWorker.java:148)
at org.testng.internal.invokers.TestMethodWorker.run(TestMethodWorker.java:128)
at java.base/java.util.ArrayList.forEach(ArrayList.java:1597)
at org.testng.TestRunner.privateRun(TestRunner.java:819)
at org.testng.TestRunner.run(TestRunner.java:619)
at org.testng.SuiteRunner.runTest(SuiteRunner.java:443)
at org.testng.SuiteRunner.runSequentially(SuiteRunner.java:437)
at org.testng.SuiteRunner.privateRun(SuiteRunner.java:397)
at org.testng.SuiteRunner.run(SuiteRunner.java:336)
at org.testng.SuiteRunnerWorker.runSuite(SuiteRunnerWorker.java:52)
at org.testng.SuiteRunnerWorker.run(SuiteRunnerWorker.java:95)
at org.testng.TestNG.runSuitesSequentially(TestNG.java:1301)
at org.testng.TestNG.runSuitesLocally(TestNG.java:1228)
at org.testng.TestNG.runSuites(TestNG.java:1134)
at org.testng.TestNG.run(TestNG.java:1101)
at org.testng.remote.AbstractRemoteTestNG.run(AbstractRemoteTestNG.java:115)
at org.testng.remote.RemoteTestNG.initAndRun(RemoteTestNG.java:251)
at org.testng.remote.RemoteTestNG.main(RemoteTestNG.java:77)
]]>
            </full-stacktrace>
          </exception> <!-- java.lang.AssertionError -->
          <reporter-output>
          </reporter-output>
        </test-method> <!-- createCampaignTest -->
        <test-method is-config="true" signature="AM()[pri:0, instance:Campaign.CreateCampaignTest@7494f96a]" started-at="2025-07-09T19:55:52 IST" name="AM" finished-at="2025-07-09T19:55:55 IST" duration-ms="3648" status="PASS">
          <reporter-output>
          </reporter-output>
        </test-method> <!-- AM -->
        <test-method is-config="true" signature="AC()[pri:0, instance:Campaign.CreateCampaignTest@7494f96a]" started-at="2025-07-09T19:55:55 IST" name="AC" finished-at="2025-07-09T19:55:56 IST" duration-ms="278" status="PASS">
          <reporter-output>
          </reporter-output>
        </test-method> <!-- AC -->
        <test-method is-config="true" signature="AT()[pri:0, instance:Campaign.CreateCampaignTest@7494f96a]" started-at="2025-07-09T19:55:56 IST" name="AT" finished-at="2025-07-09T19:55:56 IST" duration-ms="1" status="PASS">
          <reporter-output>
          </reporter-output>
        </test-method> <!-- AT -->
        <test-method is-config="true" signature="AS()[pri:0, instance:Campaign.CreateCampaignTest@7494f96a]" started-at="2025-07-09T19:55:56 IST" name="AS" finished-at="2025-07-09T19:55:56 IST" duration-ms="1" status="PASS">
          <reporter-output>
          </reporter-output>
        </test-method> <!-- AS -->
      </class> <!-- Campaign.CreateCampaignTest -->
    </test> <!-- Default test -->
  </suite> <!-- Default suite -->
</testng-results>
